<?xml version="1.0" encoding="UTF-8"?>
<!-- Generated by org.testng.reporters.JUnitReportReporter -->
<testsuite skipped="0" hostname="ggku5dell1220" name="Assessment_Api.Assessment_Api.TestOne" tests="1" failures="0" timestamp="2021-06-28T12:27:35 IST" time="8.354" errors="0">
  <testcase name="Testcaseone" time="8.354" classname="Assessment_Api.Assessment_Api.TestOne"/>
  <system-out/>
</testsuite> <!-- Assessment_Api.Assessment_Api.TestOne -->
